int 1 (-1, -1)
main 2 (-1, -1)
( 25 (-1, -1)
) 26 (-1, -1)
begin 3 (-1, -1)
int 1 (-1, -1)
n 47 (10, 0)
; 24 (-1, -1)
int 1 (-1, -1)
maxDigit 47 (89, 0)
; 24 (-1, -1)
n 47 (10, 0)
= 32 (-1, -1)
input 13 (-1, -1)
( 25 (-1, -1)
"n=" 48 (29, 0)
) 26 (-1, -1)
; 24 (-1, -1)
maxDigit 47 (89, 0)
= 32 (-1, -1)
0 48 (48, 0)
; 24 (-1, -1)
while 9 (-1, -1)
n 47 (10, 0)
!= 35 (-1, -1)
0 48 (48, 0)
do 11 (-1, -1)
if 5 (-1, -1)
n 47 (10, 0)
% 40 (-1, -1)
10 48 (67, 0)
> 42 (-1, -1)
maxDigit 47 (89, 0)
then 7 (-1, -1)
maxDigit 47 (89, 0)
= 32 (-1, -1)
n 47 (10, 0)
% 40 (-1, -1)
10 48 (67, 0)
; 24 (-1, -1)
fi 6 (-1, -1)
n 47 (10, 0)
= 32 (-1, -1)
n 47 (10, 0)
// 39 (-1, -1)
10 48 (67, 0)
; 24 (-1, -1)
done 12 (-1, -1)
print 14 (-1, -1)
( 25 (-1, -1)
maxDigit 47 (89, 0)
) 26 (-1, -1)
; 24 (-1, -1)
end 4 (-1, -1)
